<?xml version="1.0" encoding="UTF-8"?>
<!-- Generated by org.testng.reporters.JUnitXMLReporter -->
<testsuite hostname="MYSLAP-018" ignored="0" name="Test" tests="10" failures="2" timestamp="13 Dec 2016 05:42:01 GMT" time="347.814" errors="0">
  <testcase name="new_Orders_fulfilled_Orders_cancel_Orders_upcoming_Orders" time="111.736" classname="com.dashboard_framework.scripts.Test_Dashbord_page">
    <failure type="org.openqa.selenium.NoSuchElementException" message="Unable to locate element: {&amp;quot;method&amp;quot;:&amp;quot;id&amp;quot;,&amp;quot;selector&amp;quot;:&amp;quot;branch_Ids&amp;quot;}
Command duration or timeout: 101.84 seconds
For documentation on this error, please visit: http://seleniumhq.org/exceptions/no_such_element.html
Build info: version: &amp;apos;2.53.0&amp;apos;, revision: &amp;apos;35ae25b&amp;apos;, time: &amp;apos;2016-03-15 16:57:40&amp;apos;
System info: host: &amp;apos;MYSLAP-018&amp;apos;, ip: &amp;apos;192.168.2.185&amp;apos;, os.name: &amp;apos;Windows 8&amp;apos;, os.arch: &amp;apos;amd64&amp;apos;, os.version: &amp;apos;6.2&amp;apos;, java.version: &amp;apos;1.7.0_45&amp;apos;
*** Element info: {Using=id, value=branch_Ids}
Session ID: 35776ad8-60a1-4b8b-b2d3-cfa46d517edf
Driver info: org.openqa.selenium.firefox.FirefoxDriver
Capabilities [{platform=WINDOWS, acceptSslCerts=true, javascriptEnabled=true, cssSelectorsEnabled=true, databaseEnabled=true, browserName=firefox, handlesAlerts=true, nativeEvents=false, webStorageEnabled=true, rotatable=false, locationContextEnabled=true, applicationCacheEnabled=true, takesScreenshot=true, version=42.0}]">
      <![CDATA[org.openqa.selenium.NoSuchElementException: Unable to locate element: {"method":"id","selector":"branch_Ids"}
Command duration or timeout: 101.84 seconds
For documentation on this error, please visit: http://seleniumhq.org/exceptions/no_such_element.html
Build info: version: '2.53.0', revision: '35ae25b', time: '2016-03-15 16:57:40'
System info: host: 'MYSLAP-018', ip: '192.168.2.185', os.name: 'Windows 8', os.arch: 'amd64', os.version: '6.2', java.version: '1.7.0_45'
*** Element info: {Using=id, value=branch_Ids}
Session ID: 35776ad8-60a1-4b8b-b2d3-cfa46d517edf
Driver info: org.openqa.selenium.firefox.FirefoxDriver
Capabilities [{platform=WINDOWS, acceptSslCerts=true, javascriptEnabled=true, cssSelectorsEnabled=true, databaseEnabled=true, browserName=firefox, handlesAlerts=true, nativeEvents=false, webStorageEnabled=true, rotatable=false, locationContextEnabled=true, applicationCacheEnabled=true, takesScreenshot=true, version=42.0}]
	at org.openqa.selenium.remote.ErrorHandler.createThrowable(ErrorHandler.java:206)
	at org.openqa.selenium.remote.ErrorHandler.throwIfResponseFailed(ErrorHandler.java:158)
	at org.openqa.selenium.remote.RemoteWebDriver.execute(RemoteWebDriver.java:678)
	at org.openqa.selenium.remote.RemoteWebDriver.findElement(RemoteWebDriver.java:363)
	at org.openqa.selenium.remote.RemoteWebDriver.findElementById(RemoteWebDriver.java:413)
	at org.openqa.selenium.By$ById.findElement(By.java:218)
	at org.openqa.selenium.remote.RemoteWebDriver.findElement(RemoteWebDriver.java:355)
	at org.openqa.selenium.support.pagefactory.DefaultElementLocator.findElement(DefaultElementLocator.java:69)
	at org.openqa.selenium.support.pagefactory.internal.LocatingElementHandler.invoke(LocatingElementHandler.java:38)
	at com.sun.proxy.$Proxy10.getTagName(Unknown Source)
	at org.openqa.selenium.support.ui.Select.<init>(Select.java:44)
	at com.dashboard_framework.pom.Dashboard_Page.select_branch_name_services(Dashboard_Page.java:69)
	at com.dashboard_framework.scripts.Test_Dashbord_page.new_Orders_fulfilled_Orders_cancel_Orders_upcoming_Orders(Test_Dashbord_page.java:31)
Caused by: org.openqa.selenium.NoSuchElementException: Unable to locate element: {"method":"id","selector":"branch_Ids"}
For documentation on this error, please visit: http://seleniumhq.org/exceptions/no_such_element.html
Build info: version: '2.53.0', revision: '35ae25b', time: '2016-03-15 16:57:40'
System info: host: 'MYSLAP-018', ip: '192.168.2.185', os.name: 'Windows 8', os.arch: 'amd64', os.version: '6.2', java.version: '1.7.0_45'
Driver info: driver.version: unknown
	at <anonymous class>.FirefoxDriver.prototype.findElementInternal_(file:///C:/Users/kamit/AppData/Local/Temp/anonymous3950337231652080134webdriver-profile/extensions/fxdriver@googlecode.com/components/driver-component.js:10770)
	at <anonymous class>.fxdriver.Timer.prototype.setTimeout/<.notify(file:///C:/Users/kamit/AppData/Local/Temp/anonymous3950337231652080134webdriver-profile/extensions/fxdriver@googlecode.com/components/driver-component.js:625)
... Removed 29 stack frames]]>
    </failure>
  </testcase> <!-- new_Orders_fulfilled_Orders_cancel_Orders_upcoming_Orders -->
  <testcase name="add_food_venue" time="10.28" classname="com.managecatalog.scripts.Test_ManageCatalog_Page"/>
  <testcase name="add_Menu_Items" time="39.148" classname="com.add_menu_item.scripts.Test_Add_Menu_Items"/>
  <testcase name="header_footer_method" time="1.423" classname="com.login_framework.scripts.Test_LoginPage"/>
  <testcase name="enter_username" time="1.968" classname="com.login_framework.scripts.Test_LoginPage"/>
  <testcase name="enter_passowrd" time="1.485" classname="com.login_framework.scripts.Test_LoginPage">
    <failure type="java.lang.AssertionError" message="expected [Please enter Email/User ] but found [Please enter Email/User ID]">
      <![CDATA[java.lang.AssertionError: expected [Please enter Email/User ] but found [Please enter Email/User ID]
	at com.login_framework.pom.LoginPage.error_messages_usename(LoginPage.java:143)
	at com.login_framework.scripts.Test_LoginPage.enter_passowrd(Test_LoginPage.java:39)
... Removed 31 stack frames]]>
    </failure>
  </testcase> <!-- enter_passowrd -->
  <testcase name="enter_username_password" time="1.475" classname="com.login_framework.scripts.Test_LoginPage"/>
  <testcase name="login_method" time="10.034" classname="com.login_framework.scripts.Test_LoginPage"/>
  <testcase name="login_remember_me_method" time="9.098" classname="com.login_framework.scripts.Test_LoginPage"/>
  <testcase name="excellLogin" time="8.113" classname="com.login_framework.scripts.Test_LoginPage"/>
</testsuite> <!-- Test -->
