<html>
<head>
<title>TestNG:  Test</title>
<link href="../testng.css" rel="stylesheet" type="text/css" />
<link href="../my-testng.css" rel="stylesheet" type="text/css" />

<style type="text/css">
.log { display: none;} 
.stack-trace { display: none;} 
</style>
<script type="text/javascript">
<!--
function flip(e) {
  current = e.style.display;
  if (current == 'block') {
    e.style.display = 'none';
    return 0;
  }
  else {
    e.style.display = 'block';
    return 1;
  }
}

function toggleBox(szDivId, elem, msg1, msg2)
{
  var res = -1;  if (document.getElementById) {
    res = flip(document.getElementById(szDivId));
  }
  else if (document.all) {
    // this is the way old msie versions work
    res = flip(document.all[szDivId]);
  }
  if(elem) {
    if(res == 0) elem.innerHTML = msg1; else elem.innerHTML = msg2;
  }

}

function toggleAllBoxes() {
  if (document.getElementsByTagName) {
    d = document.getElementsByTagName('div');
    for (i = 0; i < d.length; i++) {
      if (d[i].className == 'log') {
        flip(d[i]);
      }
    }
  }
}

// -->
</script>

</head>
<body>
<h2 align='center'>Test</h2><table border='1' align="center">
<tr>
<td>Tests passed/Failed/Skipped:</td><td>8/2/0</td>
</tr><tr>
<td>Started on:</td><td>Tue Dec 13 11:06:13 IST 2016</td>
</tr>
<tr><td>Total time:</td><td>347 seconds (347814 ms)</td>
</tr><tr>
<td>Included groups:</td><td></td>
</tr><tr>
<td>Excluded groups:</td><td></td>
</tr>
</table><p/>
<small><i>(Hover the method name to see the test class name)</i></small><p/>
<table width='100%' border='1' class='invocation-failed'>
<tr><td colspan='4' align='center'><b>FAILED TESTS</b></td></tr>
<tr><td><b>Test method</b></td>
<td width="30%"><b>Exception</b></td>
<td width="10%"><b>Time (seconds)</b></td>
<td><b>Instance</b></td>
</tr>
<tr>
<td title='com.login_framework.scripts.Test_LoginPage.enter_passowrd()'><b>enter_passowrd</b><br>Test class: com.login_framework.scripts.Test_LoginPage<br/>
<a href="#Output-94287370" onClick='toggleBox("Output-94287370", this, "Show output", "Hide output");'>Show output</a>

<a href="#Output-94287370" onClick="toggleAllBoxes();">Show all outputs</a>
<div class='log' id="Output-94287370">
Test case fail enter_passowrd<br/>
</div>
</td>
<td><div><pre>java.lang.AssertionError: expected [Please enter Email/User ] but found [Please enter Email/User ID]
	at com.login_framework.pom.LoginPage.error_messages_usename(LoginPage.java:143)
	at com.login_framework.scripts.Test_LoginPage.enter_passowrd(Test_LoginPage.java:39)
... Removed 31 stack frames</pre></div><a href='#' onClick='toggleBox("stack-trace94287370", this, "Click to show all stack frames", "Click to hide stack frames")'>Click to show all stack frames</a>
<div class='stack-trace' id='stack-trace94287370'><pre>java.lang.AssertionError: expected [Please enter Email/User ] but found [Please enter Email/User ID]
	at org.testng.Assert.fail(Assert.java:94)
	at org.testng.Assert.failNotEquals(Assert.java:513)
	at org.testng.Assert.assertEqualsImpl(Assert.java:135)
	at org.testng.Assert.assertEquals(Assert.java:116)
	at org.testng.Assert.assertEquals(Assert.java:190)
	at org.testng.Assert.assertEquals(Assert.java:200)
	at com.login_framework.pom.LoginPage.error_messages_usename(LoginPage.java:143)
	at com.login_framework.scripts.Test_LoginPage.enter_passowrd(Test_LoginPage.java:39)
	at sun.reflect.NativeMethodAccessorImpl.invoke0(Native Method)
	at sun.reflect.NativeMethodAccessorImpl.invoke(Unknown Source)
	at sun.reflect.DelegatingMethodAccessorImpl.invoke(Unknown Source)
	at java.lang.reflect.Method.invoke(Unknown Source)
	at org.testng.internal.MethodInvocationHelper.invokeMethod(MethodInvocationHelper.java:104)
	at org.testng.internal.Invoker.invokeMethod(Invoker.java:645)
	at org.testng.internal.Invoker.invokeTestMethod(Invoker.java:851)
	at org.testng.internal.Invoker.invokeTestMethods(Invoker.java:1177)
	at org.testng.internal.TestMethodWorker.invokeTestMethods(TestMethodWorker.java:129)
	at org.testng.internal.TestMethodWorker.run(TestMethodWorker.java:112)
	at org.testng.TestRunner.privateRun(TestRunner.java:756)
	at org.testng.TestRunner.run(TestRunner.java:610)
	at org.testng.SuiteRunner.runTest(SuiteRunner.java:387)
	at org.testng.SuiteRunner.runSequentially(SuiteRunner.java:382)
	at org.testng.SuiteRunner.privateRun(SuiteRunner.java:340)
	at org.testng.SuiteRunner.run(SuiteRunner.java:289)
	at org.testng.SuiteRunnerWorker.runSuite(SuiteRunnerWorker.java:52)
	at org.testng.SuiteRunnerWorker.run(SuiteRunnerWorker.java:86)
	at org.testng.TestNG.runSuitesSequentially(TestNG.java:1293)
	at org.testng.TestNG.runSuitesLocally(TestNG.java:1218)
	at org.testng.TestNG.runSuites(TestNG.java:1133)
	at org.testng.TestNG.run(TestNG.java:1104)
	at org.testng.remote.AbstractRemoteTestNG.run(AbstractRemoteTestNG.java:132)
	at org.testng.remote.RemoteTestNG.initAndRun(RemoteTestNG.java:236)
	at org.testng.remote.RemoteTestNG.main(RemoteTestNG.java:81)
</pre></div></td>
<td>1</td>
<td>com.login_framework.scripts.Test_LoginPage@1c398896</td></tr>
<tr>
<td title='com.dashboard_framework.scripts.Test_Dashbord_page.new_Orders_fulfilled_Orders_cancel_Orders_upcoming_Orders()'><b>new_Orders_fulfilled_Orders_cancel_Orders_upcoming_Orders</b><br>Test class: com.dashboard_framework.scripts.Test_Dashbord_page<br/>
<a href="#Output-1489576552" onClick='toggleBox("Output-1489576552", this, "Show output", "Hide output");'>Show output</a>

<a href="#Output-1489576552" onClick="toggleAllBoxes();">Show all outputs</a>
<div class='log' id="Output-1489576552">
Test case fail new_Orders_fulfilled_Orders_cancel_Orders_upcoming_Orders<br/>
</div>
</td>
<td><div><pre>org.openqa.selenium.NoSuchElementException: Unable to locate element: {&quot;method&quot;:&quot;id&quot;,&quot;selector&quot;:&quot;branch_Ids&quot;}
Command duration or timeout: 101.84 seconds
For documentation on this error, please visit: http://seleniumhq.org/exceptions/no_such_element.html
Build info: version: &apos;2.53.0&apos;, revision: &apos;35ae25b&apos;, time: &apos;2016-03-15 16:57:40&apos;
System info: host: &apos;MYSLAP-018&apos;, ip: &apos;192.168.2.185&apos;, os.name: &apos;Windows 8&apos;, os.arch: &apos;amd64&apos;, os.version: &apos;6.2&apos;, java.version: &apos;1.7.0_45&apos;
*** Element info: {Using=id, value=branch_Ids}
Session ID: 35776ad8-60a1-4b8b-b2d3-cfa46d517edf
Driver info: org.openqa.selenium.firefox.FirefoxDriver
Capabilities [{platform=WINDOWS, acceptSslCerts=true, javascriptEnabled=true, cssSelectorsEnabled=true, databaseEnabled=true, browserName=firefox, handlesAlerts=true, nativeEvents=false, webStorageEnabled=true, rotatable=false, locationContextEnabled=true, applicationCacheEnabled=true, takesScreenshot=true, version=42.0}]
	at org.openqa.selenium.remote.ErrorHandler.createThrowable(ErrorHandler.java:206)
	at org.openqa.selenium.remote.ErrorHandler.throwIfResponseFailed(ErrorHandler.java:158)
	at org.openqa.selenium.remote.RemoteWebDriver.execute(RemoteWebDriver.java:678)
	at org.openqa.selenium.remote.RemoteWebDriver.findElement(RemoteWebDriver.java:363)
	at org.openqa.selenium.remote.RemoteWebDriver.findElementById(RemoteWebDriver.java:413)
	at org.openqa.selenium.By$ById.findElement(By.java:218)
	at org.openqa.selenium.remote.RemoteWebDriver.findElement(RemoteWebDriver.java:355)
	at org.openqa.selenium.support.pagefactory.DefaultElementLocator.findElement(DefaultElementLocator.java:69)
	at org.openqa.selenium.support.pagefactory.internal.LocatingElementHandler.invoke(LocatingElementHandler.java:38)
	at com.sun.proxy.$Proxy10.getTagName(Unknown Source)
	at org.openqa.selenium.support.ui.Select.&lt;init&gt;(Select.java:44)
	at com.dashboard_framework.pom.Dashboard_Page.select_branch_name_services(Dashboard_Page.java:69)
	at com.dashboard_framework.scripts.Test_Dashbord_page.new_Orders_fulfilled_Orders_cancel_Orders_upcoming_Orders(Test_Dashbord_page.java:31)
Caused by: org.openqa.selenium.NoSuchElementException: Unable to locate element: {&quot;method&quot;:&quot;id&quot;,&quot;selector&quot;:&quot;branch_Ids&quot;}
For documentation on this error, please visit: http://seleniumhq.org/exceptions/no_such_element.html
Build info: version: &apos;2.53.0&apos;, revision: &apos;35ae25b&apos;, time: &apos;2016-03-15 16:57:40&apos;
System info: host: &apos;MYSLAP-018&apos;, ip: &apos;192.168.2.185&apos;, os.name: &apos;Windows 8&apos;, os.arch: &apos;amd64&apos;, os.version: &apos;6.2&apos;, java.version: &apos;1.7.0_45&apos;
Driver info: driver.version: unknown
	at &lt;anonymous class&gt;.FirefoxDriver.prototype.findElementInternal_(file:///C:/Users/kamit/AppData/Local/Temp/anonymous3950337231652080134webdriver-profile/extensions/fxdriver@googlecode.com/components/driver-component.js:10770)
	at &lt;anonymous class&gt;.fxdriver.Timer.prototype.setTimeout/&lt;.notify(file:///C:/Users/kamit/AppData/Local/Temp/anonymous3950337231652080134webdriver-profile/extensions/fxdriver@googlecode.com/components/driver-component.js:625)
... Removed 29 stack frames</pre></div><a href='#' onClick='toggleBox("stack-trace1489576552", this, "Click to show all stack frames", "Click to hide stack frames")'>Click to show all stack frames</a>
<div class='stack-trace' id='stack-trace1489576552'><pre>org.openqa.selenium.NoSuchElementException: Unable to locate element: {&quot;method&quot;:&quot;id&quot;,&quot;selector&quot;:&quot;branch_Ids&quot;}
Command duration or timeout: 101.84 seconds
For documentation on this error, please visit: http://seleniumhq.org/exceptions/no_such_element.html
Build info: version: &apos;2.53.0&apos;, revision: &apos;35ae25b&apos;, time: &apos;2016-03-15 16:57:40&apos;
System info: host: &apos;MYSLAP-018&apos;, ip: &apos;192.168.2.185&apos;, os.name: &apos;Windows 8&apos;, os.arch: &apos;amd64&apos;, os.version: &apos;6.2&apos;, java.version: &apos;1.7.0_45&apos;
*** Element info: {Using=id, value=branch_Ids}
Session ID: 35776ad8-60a1-4b8b-b2d3-cfa46d517edf
Driver info: org.openqa.selenium.firefox.FirefoxDriver
Capabilities [{platform=WINDOWS, acceptSslCerts=true, javascriptEnabled=true, cssSelectorsEnabled=true, databaseEnabled=true, browserName=firefox, handlesAlerts=true, nativeEvents=false, webStorageEnabled=true, rotatable=false, locationContextEnabled=true, applicationCacheEnabled=true, takesScreenshot=true, version=42.0}]
	at sun.reflect.NativeConstructorAccessorImpl.newInstance0(Native Method)
	at sun.reflect.NativeConstructorAccessorImpl.newInstance(Unknown Source)
	at sun.reflect.DelegatingConstructorAccessorImpl.newInstance(Unknown Source)
	at java.lang.reflect.Constructor.newInstance(Unknown Source)
	at org.openqa.selenium.remote.ErrorHandler.createThrowable(ErrorHandler.java:206)
	at org.openqa.selenium.remote.ErrorHandler.throwIfResponseFailed(ErrorHandler.java:158)
	at org.openqa.selenium.remote.RemoteWebDriver.execute(RemoteWebDriver.java:678)
	at org.openqa.selenium.remote.RemoteWebDriver.findElement(RemoteWebDriver.java:363)
	at org.openqa.selenium.remote.RemoteWebDriver.findElementById(RemoteWebDriver.java:413)
	at org.openqa.selenium.By$ById.findElement(By.java:218)
	at org.openqa.selenium.remote.RemoteWebDriver.findElement(RemoteWebDriver.java:355)
	at org.openqa.selenium.support.pagefactory.DefaultElementLocator.findElement(DefaultElementLocator.java:69)
	at org.openqa.selenium.support.pagefactory.internal.LocatingElementHandler.invoke(LocatingElementHandler.java:38)
	at com.sun.proxy.$Proxy10.getTagName(Unknown Source)
	at org.openqa.selenium.support.ui.Select.&lt;init&gt;(Select.java:44)
	at com.dashboard_framework.pom.Dashboard_Page.select_branch_name_services(Dashboard_Page.java:69)
	at com.dashboard_framework.scripts.Test_Dashbord_page.new_Orders_fulfilled_Orders_cancel_Orders_upcoming_Orders(Test_Dashbord_page.java:31)
	at sun.reflect.NativeMethodAccessorImpl.invoke0(Native Method)
	at sun.reflect.NativeMethodAccessorImpl.invoke(Unknown Source)
	at sun.reflect.DelegatingMethodAccessorImpl.invoke(Unknown Source)
	at java.lang.reflect.Method.invoke(Unknown Source)
	at org.testng.internal.MethodInvocationHelper.invokeMethod(MethodInvocationHelper.java:104)
	at org.testng.internal.Invoker.invokeMethod(Invoker.java:645)
	at org.testng.internal.Invoker.invokeTestMethod(Invoker.java:851)
	at org.testng.internal.Invoker.invokeTestMethods(Invoker.java:1177)
	at org.testng.internal.TestMethodWorker.invokeTestMethods(TestMethodWorker.java:129)
	at org.testng.internal.TestMethodWorker.run(TestMethodWorker.java:112)
	at org.testng.TestRunner.privateRun(TestRunner.java:756)
	at org.testng.TestRunner.run(TestRunner.java:610)
	at org.testng.SuiteRunner.runTest(SuiteRunner.java:387)
	at org.testng.SuiteRunner.runSequentially(SuiteRunner.java:382)
	at org.testng.SuiteRunner.privateRun(SuiteRunner.java:340)
	at org.testng.SuiteRunner.run(SuiteRunner.java:289)
	at org.testng.SuiteRunnerWorker.runSuite(SuiteRunnerWorker.java:52)
	at org.testng.SuiteRunnerWorker.run(SuiteRunnerWorker.java:86)
	at org.testng.TestNG.runSuitesSequentially(TestNG.java:1293)
	at org.testng.TestNG.runSuitesLocally(TestNG.java:1218)
	at org.testng.TestNG.runSuites(TestNG.java:1133)
	at org.testng.TestNG.run(TestNG.java:1104)
	at org.testng.remote.AbstractRemoteTestNG.run(AbstractRemoteTestNG.java:132)
	at org.testng.remote.RemoteTestNG.initAndRun(RemoteTestNG.java:236)
	at org.testng.remote.RemoteTestNG.main(RemoteTestNG.java:81)
Caused by: org.openqa.selenium.NoSuchElementException: Unable to locate element: {&quot;method&quot;:&quot;id&quot;,&quot;selector&quot;:&quot;branch_Ids&quot;}
For documentation on this error, please visit: http://seleniumhq.org/exceptions/no_such_element.html
Build info: version: &apos;2.53.0&apos;, revision: &apos;35ae25b&apos;, time: &apos;2016-03-15 16:57:40&apos;
System info: host: &apos;MYSLAP-018&apos;, ip: &apos;192.168.2.185&apos;, os.name: &apos;Windows 8&apos;, os.arch: &apos;amd64&apos;, os.version: &apos;6.2&apos;, java.version: &apos;1.7.0_45&apos;
Driver info: driver.version: unknown
	at &lt;anonymous class&gt;.FirefoxDriver.prototype.findElementInternal_(file:///C:/Users/kamit/AppData/Local/Temp/anonymous3950337231652080134webdriver-profile/extensions/fxdriver@googlecode.com/components/driver-component.js:10770)
	at &lt;anonymous class&gt;.fxdriver.Timer.prototype.setTimeout/&lt;.notify(file:///C:/Users/kamit/AppData/Local/Temp/anonymous3950337231652080134webdriver-profile/extensions/fxdriver@googlecode.com/components/driver-component.js:625)
</pre></div></td>
<td>111</td>
<td>com.dashboard_framework.scripts.Test_Dashbord_page@5363e54</td></tr>
</table><p>
<table width='100%' border='1' class='invocation-passed'>
<tr><td colspan='4' align='center'><b>PASSED TESTS</b></td></tr>
<tr><td><b>Test method</b></td>
<td width="30%"><b>Exception</b></td>
<td width="10%"><b>Time (seconds)</b></td>
<td><b>Instance</b></td>
</tr>
<tr>
<td title='com.add_menu_item.scripts.Test_Add_Menu_Items.add_Menu_Items()'><b>add_Menu_Items</b><br>Test class: com.add_menu_item.scripts.Test_Add_Menu_Items<br/>
<a href="#Output-293350788" onClick='toggleBox("Output-293350788", this, "Show output", "Hide output");'>Show output</a>

<a href="#Output-293350788" onClick="toggleAllBoxes();">Show all outputs</a>
<div class='log' id="Output-293350788">
Successfully redirecting to Manage Catalog<br/>
American<br/>
</div>
</td>
<td></td>
<td>39</td>
<td>com.add_menu_item.scripts.Test_Add_Menu_Items@d1735f5</td></tr>
<tr>
<td title='com.managecatalog.scripts.Test_ManageCatalog_Page.add_food_venue()'><b>add_food_venue</b><br>Test class: com.managecatalog.scripts.Test_ManageCatalog_Page<br/>
<a href="#Output-216840531" onClick='toggleBox("Output-216840531", this, "Show output", "Hide output");'>Show output</a>

<a href="#Output-216840531" onClick="toggleAllBoxes();">Show all outputs</a>
<div class='log' id="Output-216840531">
Successfully redirecting to Manage Catalog<br/>
</div>
</td>
<td></td>
<td>10</td>
<td>com.managecatalog.scripts.Test_ManageCatalog_Page@2c35ff78</td></tr>
<tr>
<td title='com.login_framework.scripts.Test_LoginPage.enter_username()'><b>enter_username</b><br>Test class: com.login_framework.scripts.Test_LoginPage<br/>
<a href="#Output-238422775" onClick='toggleBox("Output-238422775", this, "Show output", "Hide output");'>Show output</a>

<a href="#Output-238422775" onClick="toggleAllBoxes();">Show all outputs</a>
<div class='log' id="Output-238422775">
Please enter Password<br/>
</div>
</td>
<td></td>
<td>1</td>
<td>com.login_framework.scripts.Test_LoginPage@1c398896</td></tr>
<tr>
<td title='com.login_framework.scripts.Test_LoginPage.enter_username_password()'><b>enter_username_password</b><br>Test class: com.login_framework.scripts.Test_LoginPage<br/>
<a href="#Output-1107709314" onClick='toggleBox("Output-1107709314", this, "Show output", "Hide output");'>Show output</a>

<a href="#Output-1107709314" onClick="toggleAllBoxes();">Show all outputs</a>
<div class='log' id="Output-1107709314">
Please enter Email/User ID and Please enter Password<br/>
</div>
</td>
<td></td>
<td>1</td>
<td>com.login_framework.scripts.Test_LoginPage@1c398896</td></tr>
<tr>
<td title='com.login_framework.scripts.Test_LoginPage.excellLogin()'><b>excellLogin</b><br>Test class: com.login_framework.scripts.Test_LoginPage</td>
<td></td>
<td>8</td>
<td>com.login_framework.scripts.Test_LoginPage@1c398896</td></tr>
<tr>
<td title='com.login_framework.scripts.Test_LoginPage.header_footer_method()'><b>header_footer_method</b><br>Test class: com.login_framework.scripts.Test_LoginPage<br/>
<a href="#Output-1740211524" onClick='toggleBox("Output-1740211524", this, "Show output", "Hide output");'>Show output</a>

<a href="#Output-1740211524" onClick="toggleAllBoxes();">Show all outputs</a>
<div class='log' id="Output-1740211524">
Header Logo is Pesent<br/>
footer Logo is Pesent<br/>
Body Logo is Pesent<br/>
login link Enable<br/>
signUp link Enable<br/>
forgotPassword link Enable<br/>
</div>
</td>
<td></td>
<td>1</td>
<td>com.login_framework.scripts.Test_LoginPage@1c398896</td></tr>
<tr>
<td title='com.login_framework.scripts.Test_LoginPage.login_method()'><b>login_method</b><br>Test class: com.login_framework.scripts.Test_LoginPage<br/>
<a href="#Output-983220239" onClick='toggleBox("Output-983220239", this, "Show output", "Hide output");'>Show output</a>

<a href="#Output-983220239" onClick="toggleAllBoxes();">Show all outputs</a>
<div class='log' id="Output-983220239">
Signed in successfully.<br/>
</div>
</td>
<td></td>
<td>10</td>
<td>com.login_framework.scripts.Test_LoginPage@1c398896</td></tr>
<tr>
<td title='com.login_framework.scripts.Test_LoginPage.login_remember_me_method()'><b>login_remember_me_method</b><br>Test class: com.login_framework.scripts.Test_LoginPage<br/>
<a href="#Output-1042790508" onClick='toggleBox("Output-1042790508", this, "Show output", "Hide output");'>Show output</a>

<a href="#Output-1042790508" onClick="toggleAllBoxes();">Show all outputs</a>
<div class='log' id="Output-1042790508">
Signed in successfully.<br/>
</div>
</td>
<td></td>
<td>9</td>
<td>com.login_framework.scripts.Test_LoginPage@1c398896</td></tr>
</table><p>
</body>
</html>